<?xml version="1.0" encoding="UTF-8"?>
<!-- Generated by org.testng.reporters.JUnitXMLReporter -->
<testsuite ignored="0" hostname="Padmaarajan" failures="0" tests="4" name="Test" time="18.353" errors="0" timestamp="2025-06-01T12:16:37 IST">
  <testcase classname="testCases.TC_001_AccountRegistrationTest" name="verify_account_registration" time="2.07"/>
  <testcase classname="testCases.TC_002_LoginTest" name="verify_login" time="1.411"/>
  <testcase classname="testCases.TC_004_SearchProductTest" name="verify_pruductSearch" time="0.484"/>
  <testcase classname="testCases.TC_005_AddToCartPageTest" name="verify_addToCart" time="1.366"/>
</testsuite> <!-- Test -->
