<?xml version="1.0" encoding="UTF-8"?>
<testsuite xmlns:xsi="http://www.w3.org/2001/XMLSchema-instance" xsi:noNamespaceSchemaLocation="https://maven.apache.org/surefire/maven-surefire-plugin/xsd/surefire-test-report.xsd" version="3.0.2" name="TestSuite" time="10.653" tests="2" errors="0" skipped="0" failures="0">
  <properties>
[...]
</properties>
  <testcase name="verify_account_registration" classname="testCases.TC_001_AccountRegistrationTest" time="2.063">
    <system-out><![CDATA[2025-05-29T17:23:27.784214600Z main DEBUG Apache Log4j Core 2.24 initializing configuration XmlConfiguration[location=D:\JAVA\Java Saves\Opencart\target\test-classes\log4j2.xml, lastModified=2025-05-11T05:57:37.813Z]
2025-05-29T17:23:27.787215700Z main DEBUG PluginManager 'Core' found 131 plugins
2025-05-29T17:23:27.787215700Z main DEBUG PluginManager 'Level' found 0 plugins
2025-05-29T17:23:27.794216300Z main DEBUG Building Plugin[name=Property, class=org.apache.logging.log4j.core.config.Property].
2025-05-29T17:23:27.809311400Z main TRACE TypeConverterRegistry initializing.
2025-05-29T17:23:27.809311400Z main DEBUG PluginManager 'TypeConverter' found 26 plugins
2025-05-29T17:23:27.814314800Z main DEBUG createProperty(name="log-path", value="./logs", Configuration(D:\JAVA\Java Saves\Opencart\target\test-classes\log4j2.xml))
2025-05-29T17:23:27.815311600Z main DEBUG Building Plugin[name=Property, class=org.apache.logging.log4j.core.config.Property].
2025-05-29T17:23:27.815311600Z main DEBUG createProperty(name="log-pattern", value="%d{yyyy-MM-dd HH:mm:ss} %-5p %c{1}:%L - %m%n", Configuration(D:\JAVA\Java Saves\Opencart\target\test-classes\log4j2.xml))
2025-05-29T17:23:27.816311600Z main DEBUG Building Plugin[name=Properties, class=org.apache.logging.log4j.core.config.PropertiesPlugin].
2025-05-29T17:23:27.818309100Z main DEBUG configureSubstitutor(={log-path=./logs, log-pattern=%d{yyyy-MM-dd HH:mm:ss} %-5p %c{1}:%L - %m%n}, Configuration(D:\JAVA\Java Saves\Opencart\target\test-classes\log4j2.xml))
2025-05-29T17:23:27.820310200Z main DEBUG PluginManager 'Lookup' found 16 plugins
2025-05-29T17:23:27.820310200Z main DEBUG Building Plugin[name=layout, class=org.apache.logging.log4j.core.layout.PatternLayout].
2025-05-29T17:23:27.829328100Z main DEBUG PatternLayout$Builder(pattern="%d{yyyy-MM-dd HH:mm:ss} %-5p %c{1}:%L - %m%n", PatternSelector=null, Configuration(D:\JAVA\Java Saves\Opencart\target\test-classes\log4j2.xml), Replace=null, charset="null", alwaysWriteExceptions="null", disableAnsi="null", noConsoleNoAnsi="null", header="null", footer="null")
2025-05-29T17:23:27.829328100Z main DEBUG PluginManager 'Converter' found 45 plugins
2025-05-29T17:23:27.832321400Z main DEBUG Building Plugin[name=appender, class=org.apache.logging.log4j.core.appender.ConsoleAppender].
2025-05-29T17:23:27.841504200Z main DEBUG ConsoleAppender$Builder(target="SYSTEM_OUT", follow="null", direct="null", bufferedIo="null", bufferSize="null", immediateFlush="null", ignoreExceptions="null", PatternLayout(%d{yyyy-MM-dd HH:mm:ss} %-5p %c{1}:%L - %m%n), name="Console", Configuration(D:\JAVA\Java Saves\Opencart\target\test-classes\log4j2.xml), Filter=null, ={})
2025-05-29T17:23:27.844504700Z main DEBUG Starting OutputStreamManager SYSTEM_OUT.false.false
2025-05-29T17:23:27.844504700Z main DEBUG Building Plugin[name=layout, class=org.apache.logging.log4j.core.layout.PatternLayout].
2025-05-29T17:23:27.845504Z main DEBUG PatternLayout$Builder(pattern="%d{yyyy-MM-dd HH:mm:ss} %-5p %c{1}:%L - %m%n", PatternSelector=null, Configuration(D:\JAVA\Java Saves\Opencart\target\test-classes\log4j2.xml), Replace=null, charset="null", alwaysWriteExceptions="null", disableAnsi="null", noConsoleNoAnsi="null", header="null", footer="null")
2025-05-29T17:23:27.846505100Z main DEBUG Building Plugin[name=TimeBasedTriggeringPolicy, class=org.apache.logging.log4j.core.appender.rolling.TimeBasedTriggeringPolicy].
2025-05-29T17:23:27.850502600Z main DEBUG TimeBasedTriggeringPolicy$Builder(interval="null", modulate="null", maxRandomDelay="null")
2025-05-29T17:23:27.850502600Z main DEBUG Building Plugin[name=SizeBasedTriggeringPolicy, class=org.apache.logging.log4j.core.appender.rolling.SizeBasedTriggeringPolicy].
2025-05-29T17:23:27.850502600Z main DEBUG createPolicy(size="1MB")
2025-05-29T17:23:27.851505600Z main DEBUG Building Plugin[name=Policies, class=org.apache.logging.log4j.core.appender.rolling.CompositeTriggeringPolicy].
2025-05-29T17:23:27.852504800Z main DEBUG createPolicy(={TimeBasedTriggeringPolicy(nextRolloverMillis=0, interval=1, modulate=false), SizeBasedTriggeringPolicy(size=1048576)})
2025-05-29T17:23:27.852504800Z main DEBUG Building Plugin[name=DefaultRolloverStrategy, class=org.apache.logging.log4j.core.appender.rolling.DefaultRolloverStrategy].
2025-05-29T17:23:27.854502200Z main DEBUG DefaultRolloverStrategy$Builder(max="10", min="null", fileIndex="null", compressionLevel="null", ={}, stopCustomActionsOnError="null", tempCompressedFilePattern="null", Configuration(D:\JAVA\Java Saves\Opencart\target\test-classes\log4j2.xml))
2025-05-29T17:23:27.854502200Z main DEBUG Building Plugin[name=appender, class=org.apache.logging.log4j.core.appender.RollingFileAppender].
2025-05-29T17:23:27.857503700Z main DEBUG RollingFileAppender$Builder(fileName="./logs/automation.log", filePattern="./logs/automation-%d{MM-dd-yyyy}-%i.log.gz", append="null", locking="null", Policies(CompositeTriggeringPolicy(policies=[TimeBasedTriggeringPolicy(nextRolloverMillis=0, interval=1, modulate=false), SizeBasedTriggeringPolicy(size=1048576)])), DefaultRolloverStrategy(DefaultRolloverStrategy(min=1, max=10, useMax=true)), advertise="null", advertiseUri="null", createOnDemand="null", filePermissions="null", fileOwner="null", fileGroup="null", bufferedIo="null", bufferSize="null", immediateFlush="null", ignoreExceptions="null", PatternLayout(%d{yyyy-MM-dd HH:mm:ss} %-5p %c{1}:%L - %m%n), name="File", Configuration(D:\JAVA\Java Saves\Opencart\target\test-classes\log4j2.xml), Filter=null, ={})
2025-05-29T17:23:27.862556100Z main TRACE New file './logs/automation.log' created = false
2025-05-29T17:23:27.863506Z main DEBUG Returning file creation time for D:\JAVA\Java Saves\Opencart\.\logs\automation.log
2025-05-29T17:23:27.864506300Z main DEBUG Starting RollingFileManager ./logs/automation.log
2025-05-29T17:23:27.865504400Z main DEBUG PluginManager 'FileConverter' found 2 plugins
2025-05-29T17:23:27.872803800Z main DEBUG Setting prev file time to 2025-05-29T18:52:32.233+0530
2025-05-29T17:23:27.872803800Z main DEBUG Initializing triggering policy CompositeTriggeringPolicy(policies=[TimeBasedTriggeringPolicy(nextRolloverMillis=0, interval=1, modulate=false), SizeBasedTriggeringPolicy(size=1048576)])
2025-05-29T17:23:27.874176900Z main DEBUG Initializing triggering policy TimeBasedTriggeringPolicy(nextRolloverMillis=0, interval=1, modulate=false)
2025-05-29T17:23:27.876232100Z main TRACE PatternProcessor.getNextTime returning 2025/05/30-00:00:00.000, nextFileTime=2025/05/29-00:00:00.000, prevFileTime=1970/01/01-05:30:00.000, current=2025/05/29-22:53:27.875, freq=DAILY
2025-05-29T17:23:27.877187900Z main TRACE PatternProcessor.getNextTime returning 2025/05/30-00:00:00.000, nextFileTime=2025/05/29-00:00:00.000, prevFileTime=2025/05/29-00:00:00.000, current=2025/05/29-22:53:27.876, freq=DAILY
2025-05-29T17:23:27.878225400Z main DEBUG Initializing triggering policy SizeBasedTriggeringPolicy(size=1048576)
2025-05-29T17:23:27.878225400Z main DEBUG Building Plugin[name=Appenders, class=org.apache.logging.log4j.core.config.AppendersPlugin].
2025-05-29T17:23:27.879230400Z main DEBUG createAppenders(={Console, File})
2025-05-29T17:23:27.879230400Z main DEBUG Building Plugin[name=AppenderRef, class=org.apache.logging.log4j.core.config.AppenderRef].
2025-05-29T17:23:27.880247300Z main DEBUG createAppenderRef(ref="File", level="null", Filter=null)
2025-05-29T17:23:27.882188300Z main DEBUG Building Plugin[name=Root, class=org.apache.logging.log4j.core.config.LoggerConfig$RootLogger].
2025-05-29T17:23:27.887189400Z main DEBUG LoggerConfig$RootLogger$Builder(additivity="null", level="ALL", levelAndRefs="null", includeLocation="null", ={File}, ={}, Configuration(D:\JAVA\Java Saves\Opencart\target\test-classes\log4j2.xml), Filter=null)
2025-05-29T17:23:27.891187800Z main DEBUG Building Plugin[name=Loggers, class=org.apache.logging.log4j.core.config.LoggersPlugin].
2025-05-29T17:23:27.892186100Z main DEBUG createLoggers(={root})
2025-05-29T17:23:27.892186100Z main DEBUG Configuration XmlConfiguration[location=D:\JAVA\Java Saves\Opencart\target\test-classes\log4j2.xml, lastModified=2025-05-11T05:57:37.813Z] initialized
2025-05-29T17:23:27.892186100Z main INFO Starting configuration XmlConfiguration[location=D:\JAVA\Java Saves\Opencart\target\test-classes\log4j2.xml, lastModified=2025-05-11T05:57:37.813Z]...
2025-05-29T17:23:27.893187Z main INFO Start watching for changes to D:\JAVA\Java Saves\Opencart\target\test-classes\log4j2.xml every 0 seconds
2025-05-29T17:23:27.893187Z main INFO Configuration XmlConfiguration[location=D:\JAVA\Java Saves\Opencart\target\test-classes\log4j2.xml, lastModified=2025-05-11T05:57:37.813Z] started.
2025-05-29T17:23:27.896187800Z main INFO Stopping configuration org.apache.logging.log4j.core.config.DefaultConfiguration@49d904ec...
2025-05-29T17:23:27.896187800Z main TRACE DefaultConfiguration notified 1 ReliabilityStrategies that config will be stopped.
2025-05-29T17:23:27.897186800Z main TRACE DefaultConfiguration stopping root LoggerConfig.
2025-05-29T17:23:27.897186800Z main TRACE DefaultConfiguration notifying ReliabilityStrategies that appenders will be stopped.
2025-05-29T17:23:27.897186800Z main TRACE DefaultConfiguration stopping remaining Appenders.
2025-05-29T17:23:27.897186800Z main DEBUG Shutting down OutputStreamManager SYSTEM_OUT.false.false-1
2025-05-29T17:23:27.898185500Z main DEBUG OutputStream closed
2025-05-29T17:23:27.898185500Z main DEBUG Shut down OutputStreamManager SYSTEM_OUT.false.false-1, all resources released: true
2025-05-29T17:23:27.898185500Z main DEBUG Appender DefaultConsole-1 stopped with status true
2025-05-29T17:23:27.898185500Z main TRACE DefaultConfiguration stopped 1 remaining Appenders.
2025-05-29T17:23:27.898185500Z main TRACE DefaultConfiguration cleaning Appenders from 1 LoggerConfigs.
2025-05-29T17:23:27.898185500Z main INFO Configuration org.apache.logging.log4j.core.config.DefaultConfiguration@49d904ec stopped.
2025-05-29T17:23:27.901188800Z main TRACE Using default SystemClock for timestamps.
2025-05-29T17:23:27.902190400Z main DEBUG org.apache.logging.log4j.core.util.SystemClock supports precise timestamps.
2025-05-29T17:23:27.902190400Z main TRACE Using DummyNanoClock for nanosecond timestamps.
2025-05-29T17:23:27.903189400Z main DEBUG Reconfiguration complete for context[name=70dea4e] at URI D:\JAVA\Java Saves\Opencart\target\test-classes\log4j2.xml (org.apache.logging.log4j.core.LoggerContext@644baf4a) with optional ClassLoader: null
2025-05-29T17:23:27.903189400Z main DEBUG Shutdown hook enabled. Registering a new one.
2025-05-29T17:23:27.905209500Z main DEBUG LoggerContext[name=70dea4e, org.apache.logging.log4j.core.LoggerContext@644baf4a] started OK.
2025-05-29T17:23:27.931366100Z main TRACE Log4jLoggerFactory.getContext() found anchor class org.testng.log4testng.Logger
2025-05-29T17:23:28.022245800Z main TRACE Log4jLoggerFactory.getContext() found anchor class org.testng.log4testng.Logger
2025-05-29T17:23:28.028260100Z main TRACE Log4jLoggerFactory.getContext() found anchor class org.testng.log4testng.Logger
2025-05-29T17:23:28.094107100Z main TRACE Log4jLoggerFactory.getContext() found anchor class org.testng.log4testng.Logger
2025-05-29T17:23:28.129113600Z main TRACE Log4jLoggerFactory.getContext() found anchor class org.testng.log4testng.Logger
2025-05-29T17:23:28.338370100Z main TRACE Log4jLoggerFactory.getContext() found anchor class org.testng.log4testng.Logger
]]></system-out>
  </testcase>
  <testcase name="verify_login" classname="testCases.TC_002_LoginTest" time="1.324">
    <system-err><![CDATA[May 29, 2025 10:53:32 PM org.openqa.selenium.remote.http.WebSocket$Listener onError
WARNING: Connection reset
java.net.SocketException: Connection reset
	at java.base/sun.nio.ch.SocketChannelImpl.throwConnectionReset(SocketChannelImpl.java:403)
	at java.base/sun.nio.ch.SocketChannelImpl.implRead(SocketChannelImpl.java:435)
	at java.base/sun.nio.ch.SocketChannelImpl.read(SocketChannelImpl.java:493)
	at java.net.http/jdk.internal.net.http.SocketTube.readAvailable(SocketTube.java:1178)
	at java.net.http/jdk.internal.net.http.SocketTube$InternalReadPublisher$InternalReadSubscription.read(SocketTube.java:841)
	at java.net.http/jdk.internal.net.http.SocketTube$SocketFlowTask.run(SocketTube.java:181)
	at java.net.http/jdk.internal.net.http.common.SequentialScheduler$SchedulableTask.run(SequentialScheduler.java:207)
	at java.net.http/jdk.internal.net.http.common.SequentialScheduler.runOrSchedule(SequentialScheduler.java:280)
	at java.net.http/jdk.internal.net.http.common.SequentialScheduler.runOrSchedule(SequentialScheduler.java:233)
	at java.net.http/jdk.internal.net.http.SocketTube$InternalReadPublisher$InternalReadSubscription.signalReadable(SocketTube.java:782)
	at java.net.http/jdk.internal.net.http.SocketTube$InternalReadPublisher$ReadEvent.signalEvent(SocketTube.java:965)
	at java.net.http/jdk.internal.net.http.SocketTube$SocketFlowEvent.handle(SocketTube.java:253)
	at java.net.http/jdk.internal.net.http.HttpClientImpl$SelectorManager.handleEvent(HttpClientImpl.java:1476)
	at java.net.http/jdk.internal.net.http.HttpClientImpl$SelectorManager.lambda$run$3(HttpClientImpl.java:1421)
	at java.base/java.util.ArrayList.forEach(ArrayList.java:1597)
	at java.net.http/jdk.internal.net.http.HttpClientImpl$SelectorManager.run(HttpClientImpl.java:1421)

]]></system-err>
  </testcase>
</testsuite>